<?xml version="1.0" encoding="UTF-8"?>
<!-- Generated by org.testng.reporters.JUnitReportReporter -->
<testsuite hostname="wca-s647039" failures="0" tests="1" name="herokuapp.Inputs" time="4.811" errors="0" timestamp="2023-02-14T17:04:44 MSK" skipped="0">
  <testcase classname="herokuapp.Inputs" name="inputValuesTest" time="4.811"/>
  <system-out/>
</testsuite> <!-- herokuapp.Inputs -->
