<?xml version="1.0" encoding="UTF-8"?>
<!-- Generated by org.testng.reporters.JUnitReportReporter -->
<testsuite hostname="wca-s647039" failures="0" tests="1" name="herokuapp.NotificationMessages" time="4.970" errors="0" timestamp="2023-02-14T17:04:44 MSK" skipped="0">
  <testcase classname="herokuapp.NotificationMessages" name="viewMessageTest" time="4.970"/>
  <system-out/>
</testsuite> <!-- herokuapp.NotificationMessages -->
